<?xml version="1.0" encoding="UTF-8"?>
<testng-results ignored="0" total="4" passed="3" failed="1" skipped="0">
  <reporter-output>
  </reporter-output>
  <suite started-at="2023-04-10T19:52:30 IST" name="Suite" finished-at="2023-04-10T20:20:15 IST" duration-ms="1665589">
    <groups>
      <group name="cucumber">
        <method signature="AbstractTestNGCucumberTests.runScenario(io.cucumber.testng.PickleWrapper,io.cucumber.testng.FeatureWrapper)[pri:0, instance:runner.TestNGRunnerUI@8519cb4]" name="runScenario" class="io.cucumber.testng.AbstractTestNGCucumberTests"/>
      </group> <!-- cucumber -->
    </groups>
    <test started-at="2023-04-10T19:52:30 IST" name="ChromeTest" finished-at="2023-04-10T20:20:15 IST" duration-ms="1665589">
      <class name="runner.TestNGRunnerUI">
        <test-method is-config="true" signature="setUpClass(org.testng.ITestContext)[pri:0, instance:runner.TestNGRunnerUI@8519cb4]" started-at="2023-04-10T19:52:30 IST" name="setUpClass" finished-at="2023-04-10T19:52:31 IST" duration-ms="927" status="PASS">
          <params>
            <param index="0">
              <value>
                <![CDATA[org.testng.TestRunner@1ef64e45]]>
              </value>
            </param>
          </params>
          <reporter-output>
          </reporter-output>
        </test-method> <!-- setUpClass -->
        <test-method is-config="true" signature="beforeclass(java.lang.String)[pri:0, instance:runner.TestNGRunnerUI@8519cb4]" started-at="2023-04-10T19:52:31 IST" name="beforeclass" finished-at="2023-04-10T19:52:31 IST" duration-ms="14" status="PASS">
          <params>
            <param index="0">
              <value>
                <![CDATA[Chrome]]>
              </value>
            </param>
          </params>
          <reporter-output>
          </reporter-output>
        </test-method> <!-- beforeclass -->
        <test-method signature="runScenario(io.cucumber.testng.PickleWrapper,io.cucumber.testng.FeatureWrapper)[pri:0, instance:runner.TestNGRunnerUI@8519cb4]" started-at="2023-04-10T19:52:31 IST" name="runScenario" description="Runs Cucumber Scenarios" data-provider="scenarios" finished-at="2023-04-10T20:03:32 IST" duration-ms="661783" status="PASS">
          <params>
            <param index="0">
              <value>
                <![CDATA["Verify Remove Users for Google Analtyics"]]>
              </value>
            </param>
            <param index="1">
              <value>
                <![CDATA["Optional[Verify Remove User Feature]"]]>
              </value>
            </param>
          </params>
          <reporter-output>
          </reporter-output>
        </test-method> <!-- runScenario -->
        <test-method signature="runScenario(io.cucumber.testng.PickleWrapper,io.cucumber.testng.FeatureWrapper)[pri:0, instance:runner.TestNGRunnerUI@8519cb4]" started-at="2023-04-10T20:03:32 IST" name="runScenario" description="Runs Cucumber Scenarios" data-provider="scenarios" finished-at="2023-04-10T20:08:51 IST" duration-ms="318440" status="PASS">
          <params>
            <param index="0">
              <value>
                <![CDATA["Verify Remove Users for Google Merchant Center"]]>
              </value>
            </param>
            <param index="1">
              <value>
                <![CDATA["Optional[Verify Remove User Feature]"]]>
              </value>
            </param>
          </params>
          <reporter-output>
          </reporter-output>
        </test-method> <!-- runScenario -->
        <test-method signature="runScenario(io.cucumber.testng.PickleWrapper,io.cucumber.testng.FeatureWrapper)[pri:0, instance:runner.TestNGRunnerUI@8519cb4]" started-at="2023-04-10T20:08:51 IST" name="runScenario" description="Runs Cucumber Scenarios" data-provider="scenarios" finished-at="2023-04-10T20:15:57 IST" duration-ms="425965" status="PASS">
          <params>
            <param index="0">
              <value>
                <![CDATA["Verify Remove Users for Google My Business"]]>
              </value>
            </param>
            <param index="1">
              <value>
                <![CDATA["Optional[Verify Remove User Feature]"]]>
              </value>
            </param>
          </params>
          <reporter-output>
          </reporter-output>
        </test-method> <!-- runScenario -->
        <test-method signature="runScenario(io.cucumber.testng.PickleWrapper,io.cucumber.testng.FeatureWrapper)[pri:0, instance:runner.TestNGRunnerUI@8519cb4]" started-at="2023-04-10T20:15:57 IST" name="runScenario" description="Runs Cucumber Scenarios" data-provider="scenarios" finished-at="2023-04-10T20:20:10 IST" duration-ms="253574" status="FAIL">
          <params>
            <param index="0">
              <value>
                <![CDATA["Verify Remove Users for Google Tag Manager"]]>
              </value>
            </param>
            <param index="1">
              <value>
                <![CDATA["Optional[Verify Remove User Feature]"]]>
              </value>
            </param>
          </params>
          <exception class="org.openqa.selenium.NoSuchElementException">
            <message>
              <![CDATA[no such element: Unable to locate element: {"method":"xpath","selector":"//button[@class='btn-link dashboard_viewAll__9fvw4'][text()='View All']"}
  (Session info: chrome=109.0.5414.120)
For documentation on this error, please visit: https://selenium.dev/exceptions/#no_such_element
Build info: version: '4.1.3', revision: '7b1ebf28ef'
System info: host: 'ALIASA', ip: '192.168.0.101', os.name: 'Windows 10', os.arch: 'amd64', os.version: '10.0', java.version: '17.0.4.1'
Driver info: org.openqa.selenium.chrome.ChromeDriver
Command: [075f5b668c9bd74b926930121fbb6519, findElement {using=xpath, value=//button[@class='btn-link dashboard_viewAll__9fvw4'][text()='View All']}]
Capabilities {acceptInsecureCerts: false, browserName: chrome, browserVersion: 109.0.5414.120, chrome: {chromedriverVersion: 109.0.5414.74 (e7c5703604da..., userDataDir: C:\Users\alias.a\AppData\Lo...}, goog:chromeOptions: {debuggerAddress: localhost:59807}, javascriptEnabled: true, networkConnectionEnabled: false, pageLoadStrategy: normal, platform: WINDOWS, platformName: WINDOWS, proxy: Proxy(), se:cdp: ws://localhost:59807/devtoo..., se:cdpVersion: 109.0.5414.120, setWindowRect: true, strictFileInteractability: false, timeouts: {implicit: 0, pageLoad: 300000, script: 30000}, unhandledPromptBehavior: dismiss and notify, webauthn:extension:credBlob: true, webauthn:extension:largeBlob: true, webauthn:virtualAuthenticators: true}
Session ID: 075f5b668c9bd74b926930121fbb6519]]>
            </message>
            <full-stacktrace>
              <![CDATA[org.openqa.selenium.NoSuchElementException: no such element: Unable to locate element: {"method":"xpath","selector":"//button[@class='btn-link dashboard_viewAll__9fvw4'][text()='View All']"}
  (Session info: chrome=109.0.5414.120)
For documentation on this error, please visit: https://selenium.dev/exceptions/#no_such_element
Build info: version: '4.1.3', revision: '7b1ebf28ef'
System info: host: 'ALIASA', ip: '192.168.0.101', os.name: 'Windows 10', os.arch: 'amd64', os.version: '10.0', java.version: '17.0.4.1'
Driver info: org.openqa.selenium.chrome.ChromeDriver
Command: [075f5b668c9bd74b926930121fbb6519, findElement {using=xpath, value=//button[@class='btn-link dashboard_viewAll__9fvw4'][text()='View All']}]
Capabilities {acceptInsecureCerts: false, browserName: chrome, browserVersion: 109.0.5414.120, chrome: {chromedriverVersion: 109.0.5414.74 (e7c5703604da..., userDataDir: C:\Users\alias.a\AppData\Lo...}, goog:chromeOptions: {debuggerAddress: localhost:59807}, javascriptEnabled: true, networkConnectionEnabled: false, pageLoadStrategy: normal, platform: WINDOWS, platformName: WINDOWS, proxy: Proxy(), se:cdp: ws://localhost:59807/devtoo..., se:cdpVersion: 109.0.5414.120, setWindowRect: true, strictFileInteractability: false, timeouts: {implicit: 0, pageLoad: 300000, script: 30000}, unhandledPromptBehavior: dismiss and notify, webauthn:extension:credBlob: true, webauthn:extension:largeBlob: true, webauthn:virtualAuthenticators: true}
Session ID: 075f5b668c9bd74b926930121fbb6519
at jdk.internal.reflect.GeneratedConstructorAccessor25.newInstance(Unknown Source)
at java.base/jdk.internal.reflect.DelegatingConstructorAccessorImpl.newInstance(DelegatingConstructorAccessorImpl.java:45)
at java.base/java.lang.reflect.Constructor.newInstanceWithCaller(Constructor.java:499)
at java.base/java.lang.reflect.Constructor.newInstance(Constructor.java:480)
at org.openqa.selenium.remote.codec.w3c.W3CHttpResponseCodec.createException(W3CHttpResponseCodec.java:200)
at org.openqa.selenium.remote.codec.w3c.W3CHttpResponseCodec.decode(W3CHttpResponseCodec.java:133)
at org.openqa.selenium.remote.codec.w3c.W3CHttpResponseCodec.decode(W3CHttpResponseCodec.java:53)
at org.openqa.selenium.remote.HttpCommandExecutor.execute(HttpCommandExecutor.java:184)
at org.openqa.selenium.remote.service.DriverCommandExecutor.invokeExecute(DriverCommandExecutor.java:167)
at org.openqa.selenium.remote.service.DriverCommandExecutor.execute(DriverCommandExecutor.java:142)
at org.openqa.selenium.remote.RemoteWebDriver.execute(RemoteWebDriver.java:567)
at org.openqa.selenium.remote.ElementLocation$ElementFinder$2.findElement(ElementLocation.java:162)
at org.openqa.selenium.remote.ElementLocation.findElement(ElementLocation.java:60)
at org.openqa.selenium.remote.RemoteWebDriver.findElement(RemoteWebDriver.java:385)
at org.openqa.selenium.remote.RemoteWebDriver.findElement(RemoteWebDriver.java:377)
at org.openqa.selenium.support.pagefactory.DefaultElementLocator.findElement(DefaultElementLocator.java:70)
at org.openqa.selenium.support.pagefactory.internal.LocatingElementHandler.invoke(LocatingElementHandler.java:39)
at jdk.proxy2/jdk.proxy2.$Proxy30.click(Unknown Source)
at stepDefenitionUI.ViewAllSteps.click_ViewAll_Button(ViewAllSteps.java:50)
at ✽.Click View All button(file:///C:/hydra212/hydraautomationtesting/src/test/java/featuresUI/014ChannelsRemoveUsers.feature:174)
]]>
            </full-stacktrace>
          </exception> <!-- org.openqa.selenium.NoSuchElementException -->
          <reporter-output>
          </reporter-output>
        </test-method> <!-- runScenario -->
        <test-method is-config="true" signature="tearDownClass()[pri:0, instance:runner.TestNGRunnerUI@8519cb4]" started-at="2023-04-10T20:20:10 IST" name="tearDownClass" finished-at="2023-04-10T20:20:15 IST" duration-ms="4835" status="PASS">
          <reporter-output>
          </reporter-output>
        </test-method> <!-- tearDownClass -->
      </class> <!-- runner.TestNGRunnerUI -->
    </test> <!-- ChromeTest -->
  </suite> <!-- Suite -->
</testng-results>
